

> @ai-json-renderer/react@0.2.0 build /Users/connorlove/projects/AI-Json-Renderer/packages/react
> tsup

[34mCLI[39m Building entry: src/index.ts
[34mCLI[39m Using tsconfig: tsconfig.json
[34mCLI[39m tsup v8.5.1
[34mCLI[39m Using tsup config: /Users/connorlove/projects/AI-Json-Renderer/packages/react/tsup.config.ts
[34mCLI[39m Target: es2022
[34mCLI[39m Cleaning output folder
[34mCJS[39m Build start
[34mESM[39m Build start
[32mESM[39m [1mdist/index.mjs     [22m[32m19.98 KB[39m
[32mESM[39m [1mdist/index.mjs.map [22m[32m44.78 KB[39m
[32mESM[39m ⚡️ Build success in 9ms
[32mCJS[39m [1mdist/index.js     [22m[32m23.22 KB[39m
[32mCJS[39m [1mdist/index.js.map [22m[32m45.38 KB[39m
[32mCJS[39m ⚡️ Build success in 9ms
DTS Build start
DTS ⚡️ Build success in 385ms
DTS dist/index.d.ts  10.04 KB
DTS dist/index.d.mts 10.04 KB
