

> @ai-json-renderer/core@0.2.0 build /Users/connorlove/projects/the-lyceum-project/packages/core
> tsup

[34mCLI[39m Building entry: src/index.ts
[34mCLI[39m Using tsconfig: tsconfig.json
[34mCLI[39m tsup v8.5.1
[34mCLI[39m Using tsup config: /Users/connorlove/projects/the-lyceum-project/packages/core/tsup.config.ts
[34mCLI[39m Target: es2022
[34mCLI[39m Cleaning output folder
[34mCJS[39m Build start
[34mESM[39m Build start
[32mCJS[39m [1mdist/index.js     [22m[32m22.45 KB[39m
[32mCJS[39m [1mdist/index.js.map [22m[32m51.69 KB[39m
[32mCJS[39m ⚡️ Build success in 18ms
[32mESM[39m [1mdist/index.mjs     [22m[32m19.10 KB[39m
[32mESM[39m [1mdist/index.mjs.map [22m[32m49.92 KB[39m
[32mESM[39m ⚡️ Build success in 18ms
DTS Build start
DTS ⚡️ Build success in 895ms
DTS dist/index.d.ts  18.57 KB
DTS dist/index.d.mts 18.57 KB
